INFO    340    searching for file in range 2021-03-12 00:00:00...2021-03-12 12:00:00
INFO    341    Found 935 files for site NF17:
INFO    340    searching for file in range 2021-03-12 00:00:00...2021-03-12 12:00:00
INFO    341    Found 1142 files for site NF3:
INFO    340    searching for file in range 2021-03-12 00:00:00...2021-03-12 12:00:00
INFO    340    searching for file in range 2021-03-12 00:00:00...2021-03-12 12:00:00
INFO    341    Found 935 files for site NF17:
INFO    341    Found 935 files for site NF17:
INFO    343    TOA5_9809.CP_BBNF17m_10Hz227_2021_03_27_1430.dat
...
TOA5_9809.CP_BBNF17m_10Hz227_2021_03_27_0930.dat
INFO    343    TOA5_9809.CP_BBNF17m_10Hz227_2021_03_27_1430.dat
...
TOA5_9809.CP_BBNF17m_10Hz227_2021_03_27_0930.dat
INFO    340    searching for file in range 2021-03-12 00:00:00...2021-03-12 12:00:00
INFO    340    searching for file in range 2021-03-12 00:00:00...2021-03-12 12:00:00
INFO    341    Found 1142 files for site NF3:
INFO    341    Found 1142 files for site NF3:
INFO    343    TOA5_10365.CP_EC_BBNF3m_10Hz665_2021_03_25_0900.dat
...
TOA5_10365.CP_EC_BBNF3m_10Hz653_2021_03_13_1000.dat
INFO    343    TOA5_10365.CP_EC_BBNF3m_10Hz665_2021_03_25_0900.dat
...
TOA5_10365.CP_EC_BBNF3m_10Hz653_2021_03_13_1000.dat
INFO    338    searching for file in range 2021-03-12 00:00:00...2021-03-12 12:00:00
INFO    338    searching for file in range 2021-03-12 00:00:00...2021-03-12 12:00:00
INFO    338    searching for file in range 2021-03-12 00:00:00...2021-03-12 12:00:00
INFO    339    Found 935 files for site NF17:
INFO    339    Found 935 files for site NF17:
INFO    339    Found 935 files for site NF17:
INFO    341    TOA5_9809.CP_BBNF17m_10Hz227_2021_03_27_1430.dat
...
TOA5_9809.CP_BBNF17m_10Hz227_2021_03_27_0930.dat
INFO    341    TOA5_9809.CP_BBNF17m_10Hz227_2021_03_27_1430.dat
...
TOA5_9809.CP_BBNF17m_10Hz227_2021_03_27_0930.dat
INFO    341    TOA5_9809.CP_BBNF17m_10Hz227_2021_03_27_1430.dat
...
TOA5_9809.CP_BBNF17m_10Hz227_2021_03_27_0930.dat
INFO    338    searching for file in range 2021-03-12 00:00:00...2021-03-12 12:00:00
INFO    338    searching for file in range 2021-03-12 00:00:00...2021-03-12 12:00:00
INFO    338    searching for file in range 2021-03-12 00:00:00...2021-03-12 12:00:00
INFO    339    Found 1142 files for site NF3:
INFO    339    Found 1142 files for site NF3:
INFO    339    Found 1142 files for site NF3:
INFO    341    TOA5_10365.CP_EC_BBNF3m_10Hz665_2021_03_25_0900.dat
...
TOA5_10365.CP_EC_BBNF3m_10Hz653_2021_03_13_1000.dat
INFO    341    TOA5_10365.CP_EC_BBNF3m_10Hz665_2021_03_25_0900.dat
...
TOA5_10365.CP_EC_BBNF3m_10Hz653_2021_03_13_1000.dat
INFO    341    TOA5_10365.CP_EC_BBNF3m_10Hz665_2021_03_25_0900.dat
...
TOA5_10365.CP_EC_BBNF3m_10Hz653_2021_03_13_1000.dat
INFO    338    searching for file in range 2021-03-12 00:00:00...2021-03-12 12:00:00
INFO    338    searching for file in range 2021-03-12 00:00:00...2021-03-12 12:00:00
INFO    338    searching for file in range 2021-03-12 00:00:00...2021-03-12 12:00:00
INFO    338    searching for file in range 2021-03-12 00:00:00...2021-03-12 12:00:00
INFO    339    Found 935 files for site NF17:
INFO    339    Found 935 files for site NF17:
INFO    339    Found 935 files for site NF17:
INFO    339    Found 935 files for site NF17:
INFO    341    TOA5_9809.CP_BBNF17m_10Hz227_2021_03_27_1430.dat
...
TOA5_9809.CP_BBNF17m_10Hz227_2021_03_27_0930.dat
INFO    341    TOA5_9809.CP_BBNF17m_10Hz227_2021_03_27_1430.dat
...
TOA5_9809.CP_BBNF17m_10Hz227_2021_03_27_0930.dat
INFO    341    TOA5_9809.CP_BBNF17m_10Hz227_2021_03_27_1430.dat
...
TOA5_9809.CP_BBNF17m_10Hz227_2021_03_27_0930.dat
INFO    341    TOA5_9809.CP_BBNF17m_10Hz227_2021_03_27_1430.dat
...
TOA5_9809.CP_BBNF17m_10Hz227_2021_03_27_0930.dat
INFO    338    searching for file in range 2021-03-12 00:00:00...2021-03-12 12:00:00
INFO    338    searching for file in range 2021-03-12 00:00:00...2021-03-12 12:00:00
INFO    338    searching for file in range 2021-03-12 00:00:00...2021-03-12 12:00:00
INFO    338    searching for file in range 2021-03-12 00:00:00...2021-03-12 12:00:00
INFO    339    Found 1142 files for site NF3:
INFO    339    Found 1142 files for site NF3:
INFO    339    Found 1142 files for site NF3:
INFO    339    Found 1142 files for site NF3:
INFO    341    TOA5_10365.CP_EC_BBNF3m_10Hz665_2021_03_25_0900.dat
...
TOA5_10365.CP_EC_BBNF3m_10Hz653_2021_03_13_1000.dat
INFO    341    TOA5_10365.CP_EC_BBNF3m_10Hz665_2021_03_25_0900.dat
...
TOA5_10365.CP_EC_BBNF3m_10Hz653_2021_03_13_1000.dat
INFO    341    TOA5_10365.CP_EC_BBNF3m_10Hz665_2021_03_25_0900.dat
...
TOA5_10365.CP_EC_BBNF3m_10Hz653_2021_03_13_1000.dat
INFO    341    TOA5_10365.CP_EC_BBNF3m_10Hz665_2021_03_25_0900.dat
...
TOA5_10365.CP_EC_BBNF3m_10Hz653_2021_03_13_1000.dat
