Found fast files in 2852.3471570000006ms
Built:2.6780
Next:0.0756
Read:179.8245 Disk:2.4092 Memory:2.0161
Processed:221.10239099999873
Next:0.0679
Read:143.6788 Disk:1.7952 Memory:1.4401
Processed:174.75307299999798
Next:0.0827
Read:157.7375 Disk:2.6495 Memory:2.0161
Processed:188.1910910000002
Next:0.1139
Read:118.3566 Disk:1.7904 Memory:1.4401
Processed:149.58839200000185
Next:0.0736
Read:139.9019 Disk:2.6293 Memory:2.0161
Processed:168.69663500000343
Wrote:363.2182 Disk:7.4012 Memory:9.4564
Comleted:1300.863532000001
Summary:78.7614
Built:1.0509
Next:0.0473
Read:172.4231 Disk:2.3928 Memory:2.0161
Processed:215.6054189999992
Next:0.0793
Read:136.8360 Disk:1.7935 Memory:1.4401
Processed:166.54055999999784
Next:0.0702
Read:141.8725 Disk:2.6517 Memory:2.0161
Processed:172.88228800000027
Next:0.0651
Read:124.5261 Disk:1.7888 Memory:1.4401
Processed:202.58630200000027
Next:0.0729
Read:138.3647 Disk:2.6484 Memory:2.0161
Processed:167.4008779999987
Wrote:333.2458 Disk:7.3915 Memory:9.4564
Comleted:1289.6438070000008
Summary:46.1940
Built:1.0069
Next:0.0563
Read:137.0241 Disk:2.4277 Memory:2.0161
Processed:170.1092889999991
Next:0.0822
Read:121.1166 Disk:1.7884 Memory:1.4401
Processed:150.41635000000042
Next:0.0828
Read:149.4322 Disk:2.6527 Memory:2.0161
Processed:180.04550999999935
Next:0.0645
Read:115.4535 Disk:1.7822 Memory:1.4401
Processed:146.22684000000064
Next:0.0744
Read:145.2859 Disk:2.6559 Memory:2.0161
Processed:179.6180769999971
Wrote:372.6980 Disk:7.4177 Memory:9.4564
Comleted:1228.772259000003
Summary:49.1819
Built:1.1998
Next:0.0568
Read:152.9619 Disk:2.4207 Memory:2.0161
Processed:185.2398199999996
Next:0.0837
Read:120.4961 Disk:1.7907 Memory:1.4401
Processed:149.96488199999902
Next:0.0717
Read:143.0924 Disk:2.6490 Memory:2.0161
Processed:172.23105199999722
Next:0.0654
Read:109.5752 Disk:1.7794 Memory:1.4401
Processed:188.44097899999923
Next:0.0737
Read:143.3593 Disk:2.6675 Memory:2.0161
Processed:174.15935400000038
Wrote:358.3908 Disk:7.4154 Memory:9.4564
Comleted:1258.6404859999973
Summary:43.2712
Built:1.8107
Next:0.0462
Read:160.6819 Disk:2.4300 Memory:2.0161
Processed:203.1830439999993
Next:0.0717
Read:111.9742 Disk:1.7949 Memory:1.4401
Processed:145.91114200000277
Next:0.0812
Read:133.0669 Disk:2.6468 Memory:2.0161
Processed:162.8104530000023
Next:0.0640
Read:113.2948 Disk:1.7948 Memory:1.4401
Processed:146.4057959999998
Next:0.0736
Read:137.8526 Disk:2.6637 Memory:2.0161
Processed:173.06341599999797
Wrote:362.4971 Disk:7.4376 Memory:9.4564
Comleted:1225.50558
Summary:46.3554
Built:1.1929
Next:0.0990
Read:131.2989 Disk:2.4216 Memory:2.0161
Processed:163.34605199999785
Next:0.0711
Read:113.3465 Disk:1.7987 Memory:1.4401
Processed:144.07526099999757
Next:0.0820
Read:136.0712 Disk:2.6394 Memory:2.0161
Processed:206.186553000002
Next:0.0652
Read:112.7790 Disk:1.7938 Memory:1.4401
Processed:141.7443519999999
Next:0.0733
Read:138.7954 Disk:2.6536 Memory:2.0161
Processed:173.6548140000025
Wrote:344.4442 Disk:7.4160 Memory:9.4564
Comleted:1202.6384949999986
Summary:52.4273
Built:1.0122
Next:0.0577
Read:146.0217 Disk:2.4285 Memory:2.0161
Processed:189.1215949999996
Next:0.0567
Read:113.1599 Disk:1.7979 Memory:1.4401
Processed:142.4975119999985
Next:0.0816
Read:139.5544 Disk:2.6423 Memory:2.0161
Processed:172.8100270000006
Next:0.0655
Read:118.7159 Disk:1.7955 Memory:1.4401
Processed:148.8744440000005
Next:0.0748
Read:134.6480 Disk:2.6505 Memory:2.0161
Processed:167.31358899999904
Wrote:356.3106 Disk:7.4242 Memory:9.4564
Comleted:1204.9149780000014
Summary:52.2936
Built:1.0198
Next:0.0574
Read:147.2187 Disk:2.4096 Memory:2.0161
Processed:185.2994449999983
Next:0.0836
Read:108.8256 Disk:1.7987 Memory:1.4401
Processed:178.76920300000165
Next:0.0830
Read:170.6318 Disk:2.6385 Memory:2.0161
Processed:201.3766970000006
Next:0.0662
Read:112.1657 Disk:1.7976 Memory:1.4401
Processed:142.40191000000024
Next:0.0739
Read:138.6105 Disk:2.6495 Memory:2.0161
Processed:181.3141019999982
Wrote:347.4088 Disk:7.4040 Memory:9.4564
Comleted:1264.9423619999993
Summary:44.9585
Built:1.1035
Next:0.0534
Read:141.4462 Disk:2.4051 Memory:2.0161
Processed:175.5596790000027
Next:0.0803
Read:125.1457 Disk:1.7924 Memory:1.4401
Processed:157.25182399999937
Next:0.0834
Read:137.9341 Disk:2.6434 Memory:2.0161
Processed:171.3326319999986
Next:0.0578
Read:109.6277 Disk:1.7970 Memory:1.4401
Processed:138.30532699999765
Next:0.0737
Read:134.4345 Disk:2.6465 Memory:2.0161
Processed:165.53151800000165
Wrote:353.7619 Disk:7.3938 Memory:9.4564
Comleted:1193.7929569999994
Summary:43.9016
Built:1.2122
Next:0.0572
Read:132.4088 Disk:2.4016 Memory:2.0161
Processed:204.5333749999969
Next:0.0701
Read:119.9602 Disk:1.7951 Memory:1.4401
Processed:151.08762799999909
Next:0.0816
Read:131.6534 Disk:2.6425 Memory:2.0161
Processed:160.96390500000268
Next:0.0657
Read:113.4800 Disk:1.7938 Memory:1.4401
Processed:141.883588000006
Next:0.0740
Read:139.7422 Disk:2.6478 Memory:2.0161
Processed:172.92010399999924
Wrote:341.2634 Disk:7.3908 Memory:9.4564
Comleted:1202.6865230000042
Summary:44.8003
Built:1.8997
Next:0.0497
Read:155.4189 Disk:2.3969 Memory:2.0161
Processed:185.96634300000403
Next:0.0666
Read:109.4833 Disk:1.7945 Memory:1.4401
Processed:140.27090399999764
Next:0.0833
Read:160.3110 Disk:2.6486 Memory:2.0161
Processed:191.78966599999825
Next:0.0645
Read:118.2199 Disk:1.7811 Memory:1.4401
Processed:148.59933200000341
Next:0.0729
Read:128.0213 Disk:2.6556 Memory:2.0161
Processed:161.27231299999778
Wrote:344.8563 Disk:7.3887 Memory:9.4564
Comleted:1202.6372989999957
Summary:44.5834
Built:0.9556
Next:0.0573
Read:130.5463 Disk:2.4026 Memory:2.0161
Processed:208.95270999999838
Next:0.0787
Read:112.1039 Disk:1.7965 Memory:1.4401
Processed:142.5500779999993
Next:0.0813
Read:131.2074 Disk:2.6439 Memory:2.0161
Processed:162.47590199999706
Next:0.0651
Read:112.7244 Disk:1.7815 Memory:1.4401
Processed:143.70433799999915
Next:0.0758
Read:129.2501 Disk:2.6586 Memory:2.0161
Processed:161.22117000000458
Wrote:336.4955 Disk:7.3925 Memory:9.4564
Comleted:1189.858441999995
Summary:45.1242
Built:1.6914
Next:0.0483
Read:148.6035 Disk:2.4039 Memory:2.0161
Processed:181.468584000001
Next:0.1544
Read:117.0165 Disk:1.7887 Memory:1.4401
Processed:146.39809999999898
Next:0.0860
Read:134.7151 Disk:2.6282 Memory:2.0161
Processed:166.9148979999946
Next:0.0838
Read:114.2703 Disk:1.7732 Memory:1.4401
Processed:144.5809330000003
Next:0.0763
Read:145.7050 Disk:2.6628 Memory:2.0161
Processed:218.45787099999825
Wrote:334.9926 Disk:7.3655 Memory:9.4564
Comleted:1227.6085720000012
Summary:44.2455
Run complete. Processed {'NF17': 13, 'NF3': 13, 'SF4': 13, 'SF7': 13, 'UF3': 13} files across 5 sites in 19.530568370999998s
