INFO Did glob in 0.1760s (Total time in glob: 0.18s, Total time overall: 0.18s)
INFO Did glob in 0.2593s (Total time in glob: 0.44s, Total time overall: 0.44s)
INFO Did in in 0.1643s (Total time in in: 0.16s, Total time overall: 0.60s)
INFO Did checksize in 0.0147s (Total time in checksize: 0.01s, Total time overall: 0.61s)
INFO Did in in 0.1199s (Total time in in: 0.28s, Total time overall: 0.73s)
INFO Did checksize in 0.0133s (Total time in checksize: 0.03s, Total time overall: 0.75s)
INFO Did out in 0.9056s (Total time in out: 0.91s, Total time overall: 1.65s)
INFO Did in in 0.3381s (Total time in in: 0.62s, Total time overall: 1.99s)
INFO Did checksize in 0.0187s (Total time in checksize: 0.05s, Total time overall: 2.01s)
INFO Did in in 0.1166s (Total time in in: 0.74s, Total time overall: 2.13s)
INFO Did checksize in 0.0144s (Total time in checksize: 0.06s, Total time overall: 2.14s)
INFO Did out in 0.8191s (Total time in out: 1.72s, Total time overall: 2.96s)
INFO Did in in 0.2433s (Total time in in: 0.98s, Total time overall: 3.20s)
INFO Did checksize in 0.0152s (Total time in checksize: 0.08s, Total time overall: 3.22s)
INFO Did in in 0.1138s (Total time in in: 1.10s, Total time overall: 3.33s)
INFO Did checksize in 0.0214s (Total time in checksize: 0.10s, Total time overall: 3.35s)
INFO Did out in 0.7659s (Total time in out: 2.49s, Total time overall: 4.12s)
INFO Did in in 0.1512s (Total time in in: 1.25s, Total time overall: 4.27s)
INFO Did checksize in 0.0156s (Total time in checksize: 0.11s, Total time overall: 4.29s)
INFO Did in in 0.1127s (Total time in in: 1.36s, Total time overall: 4.40s)
INFO Did checksize in 0.0122s (Total time in checksize: 0.13s, Total time overall: 4.41s)
INFO Did out in 0.7689s (Total time in out: 3.26s, Total time overall: 5.18s)
INFO Did in in 0.1469s (Total time in in: 1.51s, Total time overall: 5.33s)
INFO Did checksize in 0.0183s (Total time in checksize: 0.14s, Total time overall: 5.35s)
INFO Did in in 0.1152s (Total time in in: 1.62s, Total time overall: 5.46s)
INFO Did checksize in 0.0147s (Total time in checksize: 0.16s, Total time overall: 5.48s)
INFO Did out in 0.8055s (Total time in out: 4.06s, Total time overall: 6.28s)
INFO Did in in 0.1431s (Total time in in: 1.77s, Total time overall: 6.42s)
INFO Did checksize in 0.0143s (Total time in checksize: 0.17s, Total time overall: 6.44s)
INFO Did in in 0.1211s (Total time in in: 1.89s, Total time overall: 6.56s)
INFO Did checksize in 0.0197s (Total time in checksize: 0.19s, Total time overall: 6.58s)
INFO Did out in 0.7618s (Total time in out: 4.83s, Total time overall: 7.34s)
INFO Did in in 0.1485s (Total time in in: 2.03s, Total time overall: 7.49s)
INFO Did checksize in 0.0125s (Total time in checksize: 0.20s, Total time overall: 7.50s)
INFO Did in in 0.1190s (Total time in in: 2.15s, Total time overall: 7.62s)
INFO Did checksize in 0.0130s (Total time in checksize: 0.22s, Total time overall: 7.63s)
INFO Did out in 0.7542s (Total time in out: 5.58s, Total time overall: 8.39s)
INFO Did in in 0.1542s (Total time in in: 2.31s, Total time overall: 8.54s)
INFO Did checksize in 0.0145s (Total time in checksize: 0.23s, Total time overall: 8.56s)
INFO Did in in 0.1152s (Total time in in: 2.42s, Total time overall: 8.67s)
INFO Did checksize in 0.0137s (Total time in checksize: 0.25s, Total time overall: 8.69s)
INFO Did out in 0.8576s (Total time in out: 6.44s, Total time overall: 9.54s)
INFO Did in in 0.1482s (Total time in in: 2.57s, Total time overall: 9.69s)
INFO Did checksize in 0.0143s (Total time in checksize: 0.26s, Total time overall: 9.71s)
INFO Did in in 0.1176s (Total time in in: 2.69s, Total time overall: 9.82s)
INFO Did checksize in 0.0157s (Total time in checksize: 0.28s, Total time overall: 9.84s)
INFO Did out in 0.7457s (Total time in out: 7.18s, Total time overall: 10.58s)
INFO Did in in 0.1417s (Total time in in: 2.83s, Total time overall: 10.73s)
INFO Did checksize in 0.0158s (Total time in checksize: 0.29s, Total time overall: 10.74s)
INFO Did in in 0.1080s (Total time in in: 2.94s, Total time overall: 10.85s)
INFO Did checksize in 0.0156s (Total time in checksize: 0.31s, Total time overall: 10.87s)
INFO Did out in 0.7491s (Total time in out: 7.93s, Total time overall: 11.61s)
INFO Did in in 0.1546s (Total time in in: 3.09s, Total time overall: 11.77s)
INFO Did checksize in 0.0138s (Total time in checksize: 0.32s, Total time overall: 11.78s)
INFO Did in in 0.1193s (Total time in in: 3.21s, Total time overall: 11.90s)
INFO Did checksize in 0.0158s (Total time in checksize: 0.34s, Total time overall: 11.92s)
INFO Did out in 0.8033s (Total time in out: 8.74s, Total time overall: 12.72s)
INFO Did in in 0.1482s (Total time in in: 3.36s, Total time overall: 12.87s)
INFO Did checksize in 0.0155s (Total time in checksize: 0.35s, Total time overall: 12.89s)
INFO Did in in 0.1186s (Total time in in: 3.48s, Total time overall: 13.00s)
INFO Did checksize in 0.0125s (Total time in checksize: 0.37s, Total time overall: 13.02s)
INFO Did out in 0.8193s (Total time in out: 9.56s, Total time overall: 13.84s)
INFO Did in in 0.1543s (Total time in in: 3.63s, Total time overall: 13.99s)
INFO Did checksize in 0.0147s (Total time in checksize: 0.38s, Total time overall: 14.00s)
INFO Did in in 0.1225s (Total time in in: 3.76s, Total time overall: 14.13s)
INFO Did checksize in 0.0124s (Total time in checksize: 0.39s, Total time overall: 14.14s)
INFO Did out in 0.8061s (Total time in out: 10.36s, Total time overall: 14.95s)
INFO Did in in 0.1729s (Total time in in: 3.93s, Total time overall: 15.12s)
INFO Did checksize in 0.0128s (Total time in checksize: 0.41s, Total time overall: 15.13s)
INFO Did in in 0.1252s (Total time in in: 4.05s, Total time overall: 15.26s)
INFO Did checksize in 0.0165s (Total time in checksize: 0.42s, Total time overall: 15.27s)
INFO Did out in 0.8516s (Total time in out: 11.21s, Total time overall: 16.12s)
INFO Did in in 0.1590s (Total time in in: 4.21s, Total time overall: 16.28s)
INFO Did checksize in 0.0157s (Total time in checksize: 0.44s, Total time overall: 16.30s)
INFO Did in in 0.1227s (Total time in in: 4.34s, Total time overall: 16.42s)
INFO Did checksize in 0.0150s (Total time in checksize: 0.45s, Total time overall: 16.44s)
INFO Did out in 0.8238s (Total time in out: 12.04s, Total time overall: 17.26s)
INFO Did in in 0.1526s (Total time in in: 4.49s, Total time overall: 17.41s)
INFO Did checksize in 0.0107s (Total time in checksize: 0.46s, Total time overall: 17.42s)
INFO Did in in 0.1179s (Total time in in: 4.61s, Total time overall: 17.54s)
INFO Did checksize in 0.0156s (Total time in checksize: 0.48s, Total time overall: 17.56s)
INFO Did out in 0.7679s (Total time in out: 12.81s, Total time overall: 18.33s)
INFO Did in in 0.1497s (Total time in in: 4.76s, Total time overall: 18.48s)
INFO Did checksize in 0.0168s (Total time in checksize: 0.50s, Total time overall: 18.49s)
INFO Did in in 0.1167s (Total time in in: 4.87s, Total time overall: 18.61s)
INFO Did checksize in 0.0116s (Total time in checksize: 0.51s, Total time overall: 18.62s)
INFO Did out in 0.7316s (Total time in out: 13.54s, Total time overall: 19.35s)
INFO Did in in 0.1570s (Total time in in: 5.03s, Total time overall: 19.51s)
INFO Did checksize in 0.0194s (Total time in checksize: 0.53s, Total time overall: 19.53s)
INFO Did in in 0.1231s (Total time in in: 5.15s, Total time overall: 19.65s)
INFO Did checksize in 0.0158s (Total time in checksize: 0.54s, Total time overall: 19.67s)
INFO Did out in 0.7858s (Total time in out: 14.32s, Total time overall: 20.45s)
INFO Did in in 0.1396s (Total time in in: 5.29s, Total time overall: 20.59s)
INFO Did checksize in 0.0129s (Total time in checksize: 0.55s, Total time overall: 20.61s)
INFO Did in in 0.1205s (Total time in in: 5.41s, Total time overall: 20.73s)
INFO Did checksize in 0.0150s (Total time in checksize: 0.57s, Total time overall: 20.74s)
INFO Did out in 0.7240s (Total time in out: 15.05s, Total time overall: 21.46s)
INFO Did in in 0.1441s (Total time in in: 5.56s, Total time overall: 21.61s)
INFO Did checksize in 0.0155s (Total time in checksize: 0.59s, Total time overall: 21.62s)
INFO Did in in 0.1103s (Total time in in: 5.67s, Total time overall: 21.73s)
INFO Did checksize in 0.0111s (Total time in checksize: 0.60s, Total time overall: 21.75s)
INFO Did out in 0.7322s (Total time in out: 15.78s, Total time overall: 22.48s)
INFO Did in in 0.1467s (Total time in in: 5.81s, Total time overall: 22.62s)
INFO Did checksize in 0.0128s (Total time in checksize: 0.61s, Total time overall: 22.64s)
INFO Did in in 0.1182s (Total time in in: 5.93s, Total time overall: 22.76s)
INFO Did checksize in 0.0109s (Total time in checksize: 0.62s, Total time overall: 22.77s)
INFO Did out in 0.7344s (Total time in out: 16.51s, Total time overall: 23.50s)
INFO Did in in 0.1501s (Total time in in: 6.08s, Total time overall: 23.65s)
INFO Did checksize in 0.0127s (Total time in checksize: 0.63s, Total time overall: 23.66s)
INFO Did in in 0.1198s (Total time in in: 6.20s, Total time overall: 23.78s)
INFO Did checksize in 0.0121s (Total time in checksize: 0.65s, Total time overall: 23.80s)
INFO Did out in 0.7914s (Total time in out: 17.30s, Total time overall: 24.59s)
INFO Did in in 0.1485s (Total time in in: 6.35s, Total time overall: 24.74s)
INFO Did checksize in 0.0133s (Total time in checksize: 0.66s, Total time overall: 24.75s)
INFO Did in in 0.1094s (Total time in in: 6.46s, Total time overall: 24.86s)
INFO Did checksize in 0.0142s (Total time in checksize: 0.67s, Total time overall: 24.87s)
INFO Did out in 0.7145s (Total time in out: 18.02s, Total time overall: 25.59s)
INFO Did in in 0.1530s (Total time in in: 6.61s, Total time overall: 25.74s)
INFO Did checksize in 0.0121s (Total time in checksize: 0.68s, Total time overall: 25.75s)
INFO Did in in 0.1168s (Total time in in: 6.73s, Total time overall: 25.87s)
INFO Did checksize in 0.0177s (Total time in checksize: 0.70s, Total time overall: 25.89s)
INFO Did out in 0.9090s (Total time in out: 18.93s, Total time overall: 26.80s)
INFO Did in in 0.2340s (Total time in in: 6.96s, Total time overall: 27.03s)
INFO Did checksize in 0.0118s (Total time in checksize: 0.71s, Total time overall: 27.04s)
INFO Did in in 0.1162s (Total time in in: 7.08s, Total time overall: 27.16s)
INFO Did checksize in 0.0155s (Total time in checksize: 0.73s, Total time overall: 27.17s)
INFO Did out in 0.9355s (Total time in out: 19.86s, Total time overall: 28.11s)
INFO Did in in 0.1730s (Total time in in: 7.25s, Total time overall: 28.28s)
INFO Did checksize in 0.0150s (Total time in checksize: 0.74s, Total time overall: 28.30s)
INFO Did in in 0.1162s (Total time in in: 7.37s, Total time overall: 28.41s)
INFO Did checksize in 0.0118s (Total time in checksize: 0.76s, Total time overall: 28.42s)
INFO Did out in 0.7367s (Total time in out: 20.60s, Total time overall: 29.16s)
INFO Did in in 0.1436s (Total time in in: 7.51s, Total time overall: 29.31s)
INFO Did checksize in 0.0133s (Total time in checksize: 0.77s, Total time overall: 29.32s)
INFO Did in in 0.1161s (Total time in in: 7.63s, Total time overall: 29.43s)
INFO Did checksize in 0.0129s (Total time in checksize: 0.78s, Total time overall: 29.45s)
INFO Did out in 0.7492s (Total time in out: 21.35s, Total time overall: 30.20s)
INFO Did in in 0.1454s (Total time in in: 7.77s, Total time overall: 30.34s)
INFO Did checksize in 0.0128s (Total time in checksize: 0.80s, Total time overall: 30.35s)
INFO Did in in 0.1151s (Total time in in: 7.89s, Total time overall: 30.47s)
INFO Did checksize in 0.0088s (Total time in checksize: 0.80s, Total time overall: 30.48s)
INFO Did out in 0.7583s (Total time in out: 22.11s, Total time overall: 31.24s)
INFO Did in in 0.1814s (Total time in in: 8.07s, Total time overall: 31.42s)
INFO Did checksize in 0.0126s (Total time in checksize: 0.82s, Total time overall: 31.43s)
INFO Did in in 0.1145s (Total time in in: 8.19s, Total time overall: 31.55s)
INFO Did checksize in 0.0222s (Total time in checksize: 0.84s, Total time overall: 31.57s)
INFO Did out in 0.7401s (Total time in out: 22.85s, Total time overall: 32.31s)
INFO Did in in 0.1502s (Total time in in: 8.34s, Total time overall: 32.46s)
INFO Did checksize in 0.0144s (Total time in checksize: 0.85s, Total time overall: 32.47s)
INFO Did in in 0.1120s (Total time in in: 8.45s, Total time overall: 32.58s)
INFO Did checksize in 0.0195s (Total time in checksize: 0.87s, Total time overall: 32.60s)
INFO Did out in 0.7353s (Total time in out: 23.58s, Total time overall: 33.34s)
INFO Did in in 0.1519s (Total time in in: 8.60s, Total time overall: 33.49s)
INFO Did checksize in 0.0141s (Total time in checksize: 0.89s, Total time overall: 33.51s)
INFO Did in in 0.1187s (Total time in in: 8.72s, Total time overall: 33.62s)
INFO Did checksize in 0.0130s (Total time in checksize: 0.90s, Total time overall: 33.64s)
INFO Did out in 0.7573s (Total time in out: 24.34s, Total time overall: 34.39s)
INFO Did in in 0.1563s (Total time in in: 8.87s, Total time overall: 34.55s)
INFO Did checksize in 0.0143s (Total time in checksize: 0.91s, Total time overall: 34.56s)
INFO Did in in 0.1167s (Total time in in: 8.99s, Total time overall: 34.68s)
INFO Did checksize in 0.0212s (Total time in checksize: 0.94s, Total time overall: 34.70s)
INFO Did out in 0.6882s (Total time in out: 25.03s, Total time overall: 35.39s)
INFO Did in in 0.1586s (Total time in in: 9.15s, Total time overall: 35.55s)
INFO Did checksize in 0.0151s (Total time in checksize: 0.95s, Total time overall: 35.56s)
INFO Did in in 0.1220s (Total time in in: 9.27s, Total time overall: 35.69s)
INFO Did checksize in 0.0116s (Total time in checksize: 0.96s, Total time overall: 35.70s)
INFO Did out in 0.6959s (Total time in out: 25.72s, Total time overall: 36.39s)
INFO Did in in 0.1521s (Total time in in: 9.42s, Total time overall: 36.55s)
INFO Did checksize in 0.0131s (Total time in checksize: 0.98s, Total time overall: 36.56s)
INFO Did in in 0.1176s (Total time in in: 9.54s, Total time overall: 36.68s)
INFO Did checksize in 0.0138s (Total time in checksize: 0.99s, Total time overall: 36.69s)
INFO Did out in 0.7364s (Total time in out: 26.46s, Total time overall: 37.43s)
INFO Did in in 0.1442s (Total time in in: 9.69s, Total time overall: 37.57s)
INFO Did checksize in 0.0154s (Total time in checksize: 1.00s, Total time overall: 37.59s)
INFO Did in in 0.1123s (Total time in in: 9.80s, Total time overall: 37.70s)
INFO Did checksize in 0.0135s (Total time in checksize: 1.02s, Total time overall: 37.71s)
INFO Did out in 0.7196s (Total time in out: 27.18s, Total time overall: 38.43s)
INFO Did in in 0.1512s (Total time in in: 9.95s, Total time overall: 38.58s)
INFO Did checksize in 0.0130s (Total time in checksize: 1.03s, Total time overall: 38.60s)
INFO Did in in 0.1134s (Total time in in: 10.06s, Total time overall: 38.71s)
INFO Did checksize in 0.0158s (Total time in checksize: 1.05s, Total time overall: 38.73s)
INFO Did out in 0.7164s (Total time in out: 27.90s, Total time overall: 39.44s)
INFO Did in in 0.1448s (Total time in in: 10.21s, Total time overall: 39.59s)
INFO Did checksize in 0.0146s (Total time in checksize: 1.06s, Total time overall: 39.60s)
INFO Did in in 0.2174s (Total time in in: 10.42s, Total time overall: 39.82s)
INFO Did checksize in 0.0105s (Total time in checksize: 1.07s, Total time overall: 39.83s)
INFO Did out in 0.6942s (Total time in out: 28.59s, Total time overall: 40.52s)
INFO Did in in 0.1456s (Total time in in: 10.57s, Total time overall: 40.67s)
INFO Did checksize in 0.0153s (Total time in checksize: 1.09s, Total time overall: 40.68s)
INFO Did in in 0.1079s (Total time in in: 10.68s, Total time overall: 40.79s)
INFO Did checksize in 0.0128s (Total time in checksize: 1.10s, Total time overall: 40.81s)
INFO Did out in 0.6799s (Total time in out: 29.27s, Total time overall: 41.49s)
INFO Did in in 0.1467s (Total time in in: 10.83s, Total time overall: 41.63s)
INFO Did checksize in 0.0172s (Total time in checksize: 1.12s, Total time overall: 41.65s)
INFO Did in in 0.1126s (Total time in in: 10.94s, Total time overall: 41.76s)
INFO Did checksize in 0.0132s (Total time in checksize: 1.13s, Total time overall: 41.77s)
INFO Did out in 0.7336s (Total time in out: 30.00s, Total time overall: 42.51s)
INFO Did in in 0.1560s (Total time in in: 11.09s, Total time overall: 42.66s)
INFO Did checksize in 0.0144s (Total time in checksize: 1.15s, Total time overall: 42.68s)
INFO Did in in 0.1187s (Total time in in: 11.21s, Total time overall: 42.80s)
INFO Did checksize in 0.0138s (Total time in checksize: 1.16s, Total time overall: 42.81s)
INFO Did out in 0.7043s (Total time in out: 30.71s, Total time overall: 43.52s)
INFO Did in in 0.1431s (Total time in in: 11.36s, Total time overall: 43.66s)
INFO Did checksize in 0.0154s (Total time in checksize: 1.17s, Total time overall: 43.67s)
INFO Did in in 0.1125s (Total time in in: 11.47s, Total time overall: 43.79s)
INFO Did checksize in 0.0154s (Total time in checksize: 1.19s, Total time overall: 43.80s)
INFO Did out in 0.6747s (Total time in out: 31.38s, Total time overall: 44.48s)
INFO Did in in 0.1411s (Total time in in: 11.61s, Total time overall: 44.62s)
INFO Did checksize in 0.0108s (Total time in checksize: 1.20s, Total time overall: 44.63s)
INFO Did in in 0.1100s (Total time in in: 11.72s, Total time overall: 44.74s)
INFO Did checksize in 0.0107s (Total time in checksize: 1.21s, Total time overall: 44.75s)
INFO Did out in 0.6915s (Total time in out: 32.08s, Total time overall: 45.44s)
INFO Did in in 0.1449s (Total time in in: 11.86s, Total time overall: 45.59s)
INFO Did checksize in 0.0116s (Total time in checksize: 1.22s, Total time overall: 45.60s)
INFO Did in in 0.1088s (Total time in in: 11.97s, Total time overall: 45.71s)
INFO Did checksize in 0.0187s (Total time in checksize: 1.24s, Total time overall: 45.73s)
INFO Did out in 0.9094s (Total time in out: 32.98s, Total time overall: 46.63s)
INFO Did in in 0.1471s (Total time in in: 12.12s, Total time overall: 46.78s)
INFO Did checksize in 0.0126s (Total time in checksize: 1.25s, Total time overall: 46.79s)
INFO Did in in 0.1130s (Total time in in: 12.23s, Total time overall: 46.91s)
INFO Did checksize in 0.0105s (Total time in checksize: 1.26s, Total time overall: 46.92s)
INFO Did out in 0.6970s (Total time in out: 33.68s, Total time overall: 47.61s)
INFO Did in in 0.1447s (Total time in in: 12.38s, Total time overall: 47.76s)
INFO Did checksize in 0.0157s (Total time in checksize: 1.28s, Total time overall: 47.78s)
INFO Did in in 0.1160s (Total time in in: 12.49s, Total time overall: 47.89s)
INFO Did checksize in 0.0116s (Total time in checksize: 1.29s, Total time overall: 47.90s)
INFO Did out in 0.7003s (Total time in out: 34.38s, Total time overall: 48.60s)
INFO Did in in 0.1560s (Total time in in: 12.65s, Total time overall: 48.76s)
INFO Did checksize in 0.0154s (Total time in checksize: 1.31s, Total time overall: 48.77s)
INFO Did in in 0.1243s (Total time in in: 12.77s, Total time overall: 48.90s)
INFO Did checksize in 0.0122s (Total time in checksize: 1.32s, Total time overall: 48.91s)
INFO Did out in 0.7006s (Total time in out: 35.08s, Total time overall: 49.61s)
INFO Did in in 0.1506s (Total time in in: 12.92s, Total time overall: 49.76s)
INFO Did checksize in 0.0138s (Total time in checksize: 1.33s, Total time overall: 49.78s)
INFO Did in in 0.1155s (Total time in in: 13.04s, Total time overall: 49.89s)
INFO Did checksize in 0.0126s (Total time in checksize: 1.35s, Total time overall: 49.90s)
INFO Did out in 0.6973s (Total time in out: 35.78s, Total time overall: 50.60s)
INFO Did in in 0.1489s (Total time in in: 13.19s, Total time overall: 50.75s)
INFO Did checksize in 0.0144s (Total time in checksize: 1.36s, Total time overall: 50.76s)
INFO Did in in 0.1157s (Total time in in: 13.30s, Total time overall: 50.88s)
INFO Did checksize in 0.0153s (Total time in checksize: 1.38s, Total time overall: 50.90s)
INFO Did out in 0.7635s (Total time in out: 36.54s, Total time overall: 51.66s)
INFO Did in in 0.1535s (Total time in in: 13.46s, Total time overall: 51.81s)
INFO Did checksize in 0.0140s (Total time in checksize: 1.39s, Total time overall: 51.83s)
INFO Did in in 0.1193s (Total time in in: 13.58s, Total time overall: 51.95s)
INFO Did checksize in 0.0182s (Total time in checksize: 1.41s, Total time overall: 51.96s)
INFO Did out in 0.7063s (Total time in out: 37.25s, Total time overall: 52.67s)
INFO Did in in 0.1516s (Total time in in: 13.73s, Total time overall: 52.82s)
INFO Did checksize in 0.0098s (Total time in checksize: 1.42s, Total time overall: 52.83s)
INFO Did in in 0.1256s (Total time in in: 13.85s, Total time overall: 52.96s)
INFO Did checksize in 0.0118s (Total time in checksize: 1.43s, Total time overall: 52.97s)
INFO Did out in 0.7009s (Total time in out: 37.95s, Total time overall: 53.67s)
INFO Did in in 0.1514s (Total time in in: 14.01s, Total time overall: 53.82s)
INFO Did checksize in 0.0138s (Total time in checksize: 1.44s, Total time overall: 53.84s)
INFO Did in in 0.1109s (Total time in in: 14.12s, Total time overall: 53.95s)
INFO Did checksize in 0.0108s (Total time in checksize: 1.45s, Total time overall: 53.96s)
INFO Did out in 0.6862s (Total time in out: 38.64s, Total time overall: 54.64s)
INFO Did in in 0.1478s (Total time in in: 14.26s, Total time overall: 54.79s)
INFO Did checksize in 0.0146s (Total time in checksize: 1.47s, Total time overall: 54.81s)
INFO Did in in 0.1145s (Total time in in: 14.38s, Total time overall: 54.92s)
INFO Did checksize in 0.0133s (Total time in checksize: 1.48s, Total time overall: 54.93s)
INFO Did out in 0.6745s (Total time in out: 39.31s, Total time overall: 55.61s)
INFO Did in in 0.1556s (Total time in in: 14.53s, Total time overall: 55.76s)
INFO Did checksize in 0.0138s (Total time in checksize: 1.50s, Total time overall: 55.78s)
INFO Did in in 0.1196s (Total time in in: 14.65s, Total time overall: 55.90s)
INFO Did checksize in 0.0101s (Total time in checksize: 1.51s, Total time overall: 55.91s)
INFO Did out in 0.7303s (Total time in out: 40.04s, Total time overall: 56.64s)
INFO Did in in 0.1470s (Total time in in: 14.80s, Total time overall: 56.78s)
INFO Did checksize in 0.0191s (Total time in checksize: 1.53s, Total time overall: 56.80s)
INFO Did in in 0.1169s (Total time in in: 14.92s, Total time overall: 56.92s)
INFO Did checksize in 0.0162s (Total time in checksize: 1.54s, Total time overall: 56.94s)
INFO Did out in 0.6969s (Total time in out: 40.74s, Total time overall: 57.63s)
INFO Did in in 0.1648s (Total time in in: 15.08s, Total time overall: 57.80s)
INFO Did checksize in 0.0148s (Total time in checksize: 1.56s, Total time overall: 57.81s)
INFO Did in in 0.1169s (Total time in in: 15.20s, Total time overall: 57.93s)
INFO Did checksize in 0.0189s (Total time in checksize: 1.58s, Total time overall: 57.95s)
INFO Did out in 0.6912s (Total time in out: 41.43s, Total time overall: 58.64s)
INFO Did in in 0.1600s (Total time in in: 15.36s, Total time overall: 58.80s)
INFO Did checksize in 0.0131s (Total time in checksize: 1.59s, Total time overall: 58.81s)
INFO Did in in 0.1127s (Total time in in: 15.47s, Total time overall: 58.93s)
INFO Did checksize in 0.0144s (Total time in checksize: 1.60s, Total time overall: 58.94s)
INFO Did out in 0.6851s (Total time in out: 42.11s, Total time overall: 59.63s)
INFO Did in in 0.1535s (Total time in in: 15.63s, Total time overall: 59.78s)
INFO Did checksize in 0.0121s (Total time in checksize: 1.61s, Total time overall: 59.79s)
INFO Did in in 0.1149s (Total time in in: 15.74s, Total time overall: 59.91s)
INFO Did checksize in 0.0134s (Total time in checksize: 1.63s, Total time overall: 59.92s)
INFO Did out in 0.7270s (Total time in out: 42.84s, Total time overall: 60.65s)
INFO Did in in 0.1627s (Total time in in: 15.90s, Total time overall: 60.81s)
INFO Did checksize in 0.0232s (Total time in checksize: 1.65s, Total time overall: 60.83s)
INFO Did in in 0.1122s (Total time in in: 16.02s, Total time overall: 60.94s)
INFO Did checksize in 0.0186s (Total time in checksize: 1.67s, Total time overall: 60.96s)
INFO Did out in 0.6917s (Total time in out: 43.53s, Total time overall: 61.65s)
INFO Did in in 0.1477s (Total time in in: 16.16s, Total time overall: 61.80s)
INFO Did checksize in 0.0158s (Total time in checksize: 1.69s, Total time overall: 61.82s)
INFO Did in in 0.1263s (Total time in in: 16.29s, Total time overall: 61.94s)
INFO Did checksize in 0.0222s (Total time in checksize: 1.71s, Total time overall: 61.97s)
INFO Did out in 0.7024s (Total time in out: 44.24s, Total time overall: 62.67s)
INFO Did in in 0.1477s (Total time in in: 16.44s, Total time overall: 62.82s)
INFO Did checksize in 0.0154s (Total time in checksize: 1.72s, Total time overall: 62.83s)
INFO Did in in 0.1216s (Total time in in: 16.56s, Total time overall: 62.95s)
INFO Did checksize in 0.0115s (Total time in checksize: 1.73s, Total time overall: 62.97s)
INFO Did out in 0.6907s (Total time in out: 44.93s, Total time overall: 63.66s)
INFO Did in in 0.1536s (Total time in in: 16.71s, Total time overall: 63.81s)
INFO Did checksize in 0.0162s (Total time in checksize: 1.75s, Total time overall: 63.83s)
INFO Did in in 0.1266s (Total time in in: 16.84s, Total time overall: 63.95s)
INFO Did checksize in 0.0144s (Total time in checksize: 1.77s, Total time overall: 63.97s)
INFO Did out in 0.6985s (Total time in out: 45.63s, Total time overall: 64.67s)
INFO Did in in 0.1519s (Total time in in: 16.99s, Total time overall: 64.82s)
INFO Did checksize in 0.0161s (Total time in checksize: 1.78s, Total time overall: 64.83s)
INFO Did in in 0.1286s (Total time in in: 17.12s, Total time overall: 64.96s)
INFO Did checksize in 0.0120s (Total time in checksize: 1.79s, Total time overall: 64.97s)
INFO Did out in 0.7327s (Total time in out: 46.36s, Total time overall: 65.71s)
INFO Did in in 0.1555s (Total time in in: 17.28s, Total time overall: 65.86s)
INFO Did checksize in 0.0144s (Total time in checksize: 1.81s, Total time overall: 65.88s)
INFO Did in in 0.1180s (Total time in in: 17.39s, Total time overall: 65.99s)
INFO Did checksize in 0.0154s (Total time in checksize: 1.82s, Total time overall: 66.01s)
INFO Did out in 0.6742s (Total time in out: 47.03s, Total time overall: 66.68s)
INFO Did in in 0.1503s (Total time in in: 17.54s, Total time overall: 66.83s)
INFO Did checksize in 0.0124s (Total time in checksize: 1.84s, Total time overall: 66.85s)
INFO Did in in 0.1163s (Total time in in: 17.66s, Total time overall: 66.96s)
INFO Did checksize in 0.0159s (Total time in checksize: 1.85s, Total time overall: 66.98s)
INFO Did out in 0.6907s (Total time in out: 47.72s, Total time overall: 67.67s)
INFO Did in in 0.1558s (Total time in in: 17.82s, Total time overall: 67.83s)
INFO Did checksize in 0.0146s (Total time in checksize: 1.87s, Total time overall: 67.84s)
INFO Did in in 0.1199s (Total time in in: 17.94s, Total time overall: 67.96s)
INFO Did checksize in 0.0151s (Total time in checksize: 1.88s, Total time overall: 67.97s)
INFO Did out in 0.7057s (Total time in out: 48.43s, Total time overall: 68.68s)
INFO Did in in 0.1560s (Total time in in: 18.09s, Total time overall: 68.84s)
INFO Did checksize in 0.0148s (Total time in checksize: 1.90s, Total time overall: 68.85s)
INFO Did in in 0.1141s (Total time in in: 18.21s, Total time overall: 68.97s)
INFO Did checksize in 0.0140s (Total time in checksize: 1.91s, Total time overall: 68.98s)
INFO Did out in 0.7388s (Total time in out: 49.17s, Total time overall: 69.72s)
INFO Did in in 0.1575s (Total time in in: 18.36s, Total time overall: 69.88s)
INFO Did checksize in 0.0141s (Total time in checksize: 1.92s, Total time overall: 69.89s)
INFO Did in in 0.1141s (Total time in in: 18.48s, Total time overall: 70.00s)
INFO Did checksize in 0.0124s (Total time in checksize: 1.94s, Total time overall: 70.02s)
INFO Did out in 0.7304s (Total time in out: 49.90s, Total time overall: 70.75s)
INFO Did in in 0.1459s (Total time in in: 18.62s, Total time overall: 70.89s)
INFO Did checksize in 0.0160s (Total time in checksize: 1.95s, Total time overall: 70.91s)
INFO Did in in 0.1107s (Total time in in: 18.73s, Total time overall: 71.02s)
INFO Did checksize in 0.0146s (Total time in checksize: 1.97s, Total time overall: 71.03s)
INFO Did out in 0.7033s (Total time in out: 50.60s, Total time overall: 71.74s)
INFO Did in in 0.1433s (Total time in in: 18.88s, Total time overall: 71.88s)
INFO Did checksize in 0.0138s (Total time in checksize: 1.98s, Total time overall: 71.89s)
INFO Did in in 0.1096s (Total time in in: 18.99s, Total time overall: 72.00s)
INFO Did checksize in 0.0142s (Total time in checksize: 1.99s, Total time overall: 72.02s)
INFO Did out in 0.6951s (Total time in out: 51.30s, Total time overall: 72.71s)
INFO Did in in 0.1465s (Total time in in: 19.13s, Total time overall: 72.86s)
INFO Did checksize in 0.0159s (Total time in checksize: 2.01s, Total time overall: 72.88s)
INFO Did in in 0.1104s (Total time in in: 19.24s, Total time overall: 72.99s)
INFO Did checksize in 0.0154s (Total time in checksize: 2.03s, Total time overall: 73.00s)
INFO Did out in 0.6974s (Total time in out: 51.99s, Total time overall: 73.70s)
INFO Did in in 0.1470s (Total time in in: 19.39s, Total time overall: 73.85s)
INFO Did checksize in 0.0149s (Total time in checksize: 2.04s, Total time overall: 73.86s)
INFO Did in in 0.1148s (Total time in in: 19.51s, Total time overall: 73.98s)
INFO Did checksize in 0.0159s (Total time in checksize: 2.06s, Total time overall: 73.99s)
INFO Did out in 0.7001s (Total time in out: 52.69s, Total time overall: 74.69s)
INFO Did in in 0.1519s (Total time in in: 19.66s, Total time overall: 74.84s)
INFO Did checksize in 0.0184s (Total time in checksize: 2.08s, Total time overall: 74.86s)
INFO Did in in 0.1141s (Total time in in: 19.77s, Total time overall: 74.98s)
INFO Did checksize in 0.0133s (Total time in checksize: 2.09s, Total time overall: 74.99s)
INFO Did out in 0.6997s (Total time in out: 53.39s, Total time overall: 75.69s)
INFO Did in in 0.1545s (Total time in in: 19.93s, Total time overall: 75.84s)
INFO Did checksize in 0.0144s (Total time in checksize: 2.10s, Total time overall: 75.86s)
INFO Did in in 0.1196s (Total time in in: 20.05s, Total time overall: 75.98s)
INFO Did checksize in 0.0134s (Total time in checksize: 2.12s, Total time overall: 75.99s)
INFO Did out in 0.6981s (Total time in out: 54.09s, Total time overall: 76.69s)
INFO Did in in 0.1587s (Total time in in: 20.20s, Total time overall: 76.85s)
INFO Did checksize in 0.0139s (Total time in checksize: 2.13s, Total time overall: 76.86s)
INFO Did in in 0.1114s (Total time in in: 20.32s, Total time overall: 76.97s)
INFO Did checksize in 0.0174s (Total time in checksize: 2.15s, Total time overall: 76.99s)
INFO Did out in 0.7323s (Total time in out: 54.82s, Total time overall: 77.72s)
INFO Did in in 0.1624s (Total time in in: 20.48s, Total time overall: 77.89s)
INFO Did checksize in 0.0215s (Total time in checksize: 2.17s, Total time overall: 77.91s)
INFO Did in in 0.1215s (Total time in in: 20.60s, Total time overall: 78.03s)
INFO Did checksize in 0.0109s (Total time in checksize: 2.18s, Total time overall: 78.04s)
INFO Did out in 0.7042s (Total time in out: 55.53s, Total time overall: 78.74s)
INFO Did in in 0.1540s (Total time in in: 20.75s, Total time overall: 78.90s)
INFO Did checksize in 0.0152s (Total time in checksize: 2.20s, Total time overall: 78.91s)
INFO Did in in 0.1165s (Total time in in: 20.87s, Total time overall: 79.03s)
INFO Did checksize in 0.0123s (Total time in checksize: 2.21s, Total time overall: 79.04s)
INFO Did out in 0.6925s (Total time in out: 56.22s, Total time overall: 79.73s)
INFO Did in in 0.1447s (Total time in in: 21.02s, Total time overall: 79.88s)
INFO Did checksize in 0.0159s (Total time in checksize: 2.22s, Total time overall: 79.89s)
INFO Did in in 0.1169s (Total time in in: 21.13s, Total time overall: 80.01s)
INFO Did checksize in 0.0130s (Total time in checksize: 2.24s, Total time overall: 80.02s)
INFO Did out in 0.6998s (Total time in out: 56.92s, Total time overall: 80.72s)
INFO Did in in 0.1462s (Total time in in: 21.28s, Total time overall: 80.87s)
INFO Did checksize in 0.0147s (Total time in checksize: 2.25s, Total time overall: 80.88s)
INFO Did in in 0.1132s (Total time in in: 21.39s, Total time overall: 81.00s)
INFO Did checksize in 0.0145s (Total time in checksize: 2.27s, Total time overall: 81.01s)
INFO Did out in 0.6899s (Total time in out: 57.61s, Total time overall: 81.70s)
INFO Did in in 0.1469s (Total time in in: 21.54s, Total time overall: 81.85s)
INFO Did checksize in 0.0129s (Total time in checksize: 2.28s, Total time overall: 81.86s)
INFO Did in in 0.1094s (Total time in in: 21.65s, Total time overall: 81.97s)
INFO Did checksize in 0.0153s (Total time in checksize: 2.29s, Total time overall: 81.99s)
INFO Did out in 0.6991s (Total time in out: 58.31s, Total time overall: 82.69s)
INFO Did in in 0.1381s (Total time in in: 21.79s, Total time overall: 82.82s)
INFO Did checksize in 0.0180s (Total time in checksize: 2.31s, Total time overall: 82.84s)
INFO Did in in 0.1125s (Total time in in: 21.90s, Total time overall: 82.95s)
INFO Did checksize in 0.0159s (Total time in checksize: 2.33s, Total time overall: 82.97s)
INFO Did out in 0.6908s (Total time in out: 59.00s, Total time overall: 83.66s)
INFO Did in in 0.1593s (Total time in in: 22.06s, Total time overall: 83.82s)
INFO Did checksize in 0.0156s (Total time in checksize: 2.34s, Total time overall: 83.84s)
INFO Did in in 0.1143s (Total time in in: 22.17s, Total time overall: 83.95s)
INFO Did checksize in 0.0158s (Total time in checksize: 2.36s, Total time overall: 83.97s)
INFO Did out in 0.7085s (Total time in out: 59.71s, Total time overall: 84.67s)
INFO Did in in 0.1476s (Total time in in: 22.32s, Total time overall: 84.82s)
INFO Did checksize in 0.0114s (Total time in checksize: 2.37s, Total time overall: 84.83s)
INFO Did in in 0.1106s (Total time in in: 22.43s, Total time overall: 84.94s)
INFO Did checksize in 0.0098s (Total time in checksize: 2.38s, Total time overall: 84.95s)
INFO Did out in 0.6846s (Total time in out: 60.39s, Total time overall: 85.64s)
INFO Did in in 0.1537s (Total time in in: 22.58s, Total time overall: 85.79s)
INFO Did checksize in 0.0142s (Total time in checksize: 2.39s, Total time overall: 85.81s)
INFO Did in in 0.1134s (Total time in in: 22.70s, Total time overall: 85.92s)
INFO Did checksize in 0.0118s (Total time in checksize: 2.41s, Total time overall: 85.93s)
INFO Did out in 0.6954s (Total time in out: 61.09s, Total time overall: 86.63s)
INFO Did in in 0.1466s (Total time in in: 22.84s, Total time overall: 86.77s)
INFO Did checksize in 0.0159s (Total time in checksize: 2.42s, Total time overall: 86.79s)
INFO Did in in 0.1126s (Total time in in: 22.96s, Total time overall: 86.90s)
INFO Did checksize in 0.0103s (Total time in checksize: 2.43s, Total time overall: 86.91s)
INFO Did out in 0.6887s (Total time in out: 61.78s, Total time overall: 87.60s)
INFO Did in in 0.1515s (Total time in in: 23.11s, Total time overall: 87.75s)
INFO Did checksize in 0.0154s (Total time in checksize: 2.45s, Total time overall: 87.77s)
INFO Did in in 0.1125s (Total time in in: 23.22s, Total time overall: 87.88s)
INFO Did checksize in 0.0159s (Total time in checksize: 2.46s, Total time overall: 87.90s)
INFO Did out in 0.6966s (Total time in out: 62.47s, Total time overall: 88.59s)
INFO Did in in 0.1480s (Total time in in: 23.37s, Total time overall: 88.74s)
INFO Did checksize in 0.0130s (Total time in checksize: 2.48s, Total time overall: 88.75s)
INFO Did in in 0.1213s (Total time in in: 23.49s, Total time overall: 88.88s)
INFO Did checksize in 0.0154s (Total time in checksize: 2.49s, Total time overall: 88.89s)
INFO Did out in 0.7141s (Total time in out: 63.19s, Total time overall: 89.60s)
INFO Did in in 0.1562s (Total time in in: 23.65s, Total time overall: 89.76s)
INFO Did checksize in 0.0131s (Total time in checksize: 2.51s, Total time overall: 89.77s)
INFO Did in in 0.1135s (Total time in in: 23.76s, Total time overall: 89.89s)
INFO Did checksize in 0.0161s (Total time in checksize: 2.52s, Total time overall: 89.90s)
INFO Did out in 0.6927s (Total time in out: 63.88s, Total time overall: 90.60s)
INFO Did in in 0.1432s (Total time in in: 23.90s, Total time overall: 90.74s)
INFO Did checksize in 0.0121s (Total time in checksize: 2.53s, Total time overall: 90.75s)
INFO Did in in 0.1152s (Total time in in: 24.02s, Total time overall: 90.87s)
INFO Did checksize in 0.0197s (Total time in checksize: 2.55s, Total time overall: 90.89s)
INFO Did out in 0.6885s (Total time in out: 64.57s, Total time overall: 91.58s)
INFO Did in in 0.1539s (Total time in in: 24.17s, Total time overall: 91.73s)
INFO Did checksize in 0.0136s (Total time in checksize: 2.57s, Total time overall: 91.74s)
INFO Did in in 0.1264s (Total time in in: 24.30s, Total time overall: 91.87s)
INFO Did checksize in 0.0099s (Total time in checksize: 2.58s, Total time overall: 91.88s)
INFO Did out in 0.6962s (Total time in out: 65.27s, Total time overall: 92.58s)
INFO Did in in 0.1457s (Total time in in: 24.44s, Total time overall: 92.72s)
INFO Did checksize in 0.0182s (Total time in checksize: 2.59s, Total time overall: 92.74s)
INFO Did in in 0.1144s (Total time in in: 24.56s, Total time overall: 92.85s)
INFO Did checksize in 0.0117s (Total time in checksize: 2.61s, Total time overall: 92.87s)
INFO Did out in 0.7028s (Total time in out: 65.97s, Total time overall: 93.57s)
INFO Did in in 0.1484s (Total time in in: 24.71s, Total time overall: 93.72s)
INFO Did checksize in 0.0142s (Total time in checksize: 2.62s, Total time overall: 93.73s)
INFO Did in in 0.1254s (Total time in in: 24.83s, Total time overall: 93.86s)
INFO Did checksize in 0.0148s (Total time in checksize: 2.64s, Total time overall: 93.87s)
INFO Did out in 0.7017s (Total time in out: 66.67s, Total time overall: 94.57s)
INFO Did in in 0.1557s (Total time in in: 24.99s, Total time overall: 94.73s)
INFO Did checksize in 0.0144s (Total time in checksize: 2.65s, Total time overall: 94.74s)
INFO Did in in 0.1242s (Total time in in: 25.11s, Total time overall: 94.87s)
INFO Did checksize in 0.0226s (Total time in checksize: 2.67s, Total time overall: 94.89s)
INFO Did out in 0.7046s (Total time in out: 67.37s, Total time overall: 95.59s)
INFO Did in in 0.1531s (Total time in in: 25.26s, Total time overall: 95.75s)
INFO Did checksize in 0.0114s (Total time in checksize: 2.68s, Total time overall: 95.76s)
INFO Did in in 0.1178s (Total time in in: 25.38s, Total time overall: 95.88s)
INFO Did checksize in 0.0128s (Total time in checksize: 2.70s, Total time overall: 95.89s)
INFO Did out in 0.6785s (Total time in out: 68.05s, Total time overall: 96.57s)
INFO Did in in 0.1571s (Total time in in: 25.54s, Total time overall: 96.72s)
INFO Did checksize in 0.0179s (Total time in checksize: 2.71s, Total time overall: 96.74s)
INFO Did in in 0.1180s (Total time in in: 25.66s, Total time overall: 96.86s)
INFO Did checksize in 0.0187s (Total time in checksize: 2.73s, Total time overall: 96.88s)
INFO Did out in 0.6852s (Total time in out: 68.74s, Total time overall: 97.56s)
INFO Did in in 0.1524s (Total time in in: 25.81s, Total time overall: 97.72s)
INFO Did checksize in 0.0146s (Total time in checksize: 2.75s, Total time overall: 97.73s)
INFO Did in in 0.1162s (Total time in in: 25.93s, Total time overall: 97.85s)
INFO Did checksize in 0.0150s (Total time in checksize: 2.76s, Total time overall: 97.86s)
INFO Did out in 0.7078s (Total time in out: 69.45s, Total time overall: 98.57s)
INFO Did in in 0.1497s (Total time in in: 26.08s, Total time overall: 98.72s)
INFO Did checksize in 0.0170s (Total time in checksize: 2.78s, Total time overall: 98.74s)
INFO Did in in 0.1187s (Total time in in: 26.19s, Total time overall: 98.86s)
INFO Did checksize in 0.0136s (Total time in checksize: 2.79s, Total time overall: 98.87s)
INFO Did out in 0.6945s (Total time in out: 70.14s, Total time overall: 99.56s)
INFO Did in in 0.1478s (Total time in in: 26.34s, Total time overall: 99.71s)
INFO Did checksize in 0.0191s (Total time in checksize: 2.81s, Total time overall: 99.73s)
INFO Did in in 0.1190s (Total time in in: 26.46s, Total time overall: 99.85s)
INFO Did checksize in 0.0163s (Total time in checksize: 2.83s, Total time overall: 99.87s)
INFO Did out in 0.6865s (Total time in out: 70.83s, Total time overall: 100.55s)
INFO Did proc in 107.2970s (Total time in proc: 107.30s, Total time overall: 207.85s)
